<?xml version="1.0" encoding="UTF-8"?>
<!-- Generated by org.testng.reporters.JUnitReportReporter -->
<testsuite hostname="Daniels-MacBook-Air-2.local" failures="0" tests="1" name="com.sddevops.selenium_maven.eclipse.NewTest" time="4.129" errors="0" timestamp="18 Jan 2022 11:51:41 GMT" skipped="0">
  <testcase classname="com.sddevops.selenium_maven.eclipse.NewTest" name="main" time="4.129"/>
</testsuite> <!-- com.sddevops.selenium_maven.eclipse.NewTest -->
